<?xml version="1.0" encoding="UTF-8"?>
<!-- Generated by org.testng.reporters.JUnitReportReporter -->
<testsuite hostname="IN-5CG13129PF" failures="0" tests="1" name="testcases.BasicTestcase" time="3.858" errors="0" timestamp="2022-02-27T12:37:55 IST" skipped="0">
  <testcase classname="testcases.BasicTestcase" name="testcase2" time="3.858"/>
  <system-out/>
</testsuite> <!-- testcases.BasicTestcase -->
