<?xml version="1.0" encoding="UTF-8"?>
<!-- Generated by org.testng.reporters.JUnitReportReporter -->
<testsuite hostname="IN-5CG13129PF" failures="0" tests="2" name="google.seleniumtest.TestCaseUsingXml" time="12.732" errors="0" timestamp="2022-04-02T11:02:05 IST" skipped="1">
  <testcase classname="google.seleniumtest.TestCaseUsingXml" name="openGooglepage" time="12.732"/>
  <system-out/>
  <testcase classname="google.seleniumtest.TestCaseUsingXml" name="typelionel">
    <skipped/>
  </testcase> <!-- typelionel -->
  <system-out/>
</testsuite> <!-- google.seleniumtest.TestCaseUsingXml -->
