<?xml version="1.0" encoding="UTF-8"?>
<!-- Generated by org.testng.reporters.JUnitReportReporter -->
<testsuite hostname="IN-5CG13129PF" failures="0" tests="2" name="google.seleniumtest.TestCaseusingby" time="13.650" errors="0" timestamp="2022-02-01T12:09:55 IST" skipped="1">
  <testcase classname="google.seleniumtest.TestCaseusingby" name="openGooglepage" time="13.650"/>
  <system-out/>
  <testcase classname="google.seleniumtest.TestCaseusingby" name="typelionel">
    <skipped/>
  </testcase> <!-- typelionel -->
  <system-out/>
</testsuite> <!-- google.seleniumtest.TestCaseusingby -->
