<?xml version="1.0" encoding="UTF-8"?>
<!-- Generated by org.testng.reporters.JUnitReportReporter -->
<testsuite hostname="IN-5CG13129PF" failures="0" tests="2" name="google.seleniumtest.App2" time="12.976" errors="0" timestamp="2021-12-31T22:38:17 IST" skipped="1">
  <testcase classname="google.seleniumtest.App2" name="openGooglepage" time="12.976"/>
  <system-out/>
  <testcase classname="google.seleniumtest.App2" name="typelionel">
    <skipped/>
  </testcase> <!-- typelionel -->
  <system-out/>
</testsuite> <!-- google.seleniumtest.App2 -->
