<?xml version="1.0" encoding="UTF-8"?>
<!-- Generated by org.testng.reporters.JUnitReportReporter -->
<testsuite hostname="IN-5CG13129PF" failures="0" tests="2" name="google.seleniumtest.App" time="12.498" errors="0" timestamp="2022-01-03T10:50:05 IST" skipped="1">
  <testcase classname="google.seleniumtest.App" name="openGooglepage" time="12.498"/>
  <system-out/>
  <testcase classname="google.seleniumtest.App" name="typelionel">
    <skipped/>
  </testcase> <!-- typelionel -->
  <system-out/>
</testsuite> <!-- google.seleniumtest.App -->
